<?xml version="1.0" encoding="UTF-8"?>
<!-- Generated by org.testng.reporters.JUnitXMLReporter -->
<testsuite ignored="6" hostname="LTIN217850" failures="0" tests="8" name="EdgeTest" time="15.106" errors="0" timestamp="2024-02-15T12:15:35 IST">
  <testcase classname="TestCase.TC01_HomePage" name="homepage" time="0.001">
    <skipped/>
  </testcase> <!-- homepage -->
  <testcase classname="TestCase.TC02_UpcomingBikes" name="ManufacturerDrpDown" time="0.001">
    <skipped/>
  </testcase> <!-- ManufacturerDrpDown -->
  <testcase classname="TestCase.TC02_UpcomingBikes" name="bikeDetails" time="0.0">
    <skipped/>
  </testcase> <!-- bikeDetails -->
  <testcase classname="TestCase.TC03_UsedCars" name="hoverOnUsedCars" time="0.001">
    <skipped/>
  </testcase> <!-- hoverOnUsedCars -->
  <testcase classname="TestCase.TC03_UsedCars" name="location" time="0.001">
    <skipped/>
  </testcase> <!-- location -->
  <testcase classname="TestCase.TC03_UsedCars" name="brandAvailable" time="0.001">
    <skipped/>
  </testcase> <!-- brandAvailable -->
  <testcase classname="TestCase.TC04_LoginPage" name="LoginPageInHome" time="0.0">
    <skipped/>
  </testcase> <!-- LoginPageInHome -->
  <testcase classname="TestCase.TC04_LoginPage" name="errorMessage" time="0.0">
    <skipped/>
  </testcase> <!-- errorMessage -->
  <testcase classname="TestBase.BaseClass" name="@BeforeTest setUpEnvi" time="0.0">
    <ignored/>
  </testcase> <!-- @BeforeTest setUpEnvi -->
  <testcase classname="TestBase.BaseClass" name="@BeforeTest setUpEnvi" time="0.0">
    <ignored/>
  </testcase> <!-- @BeforeTest setUpEnvi -->
  <testcase classname="TestBase.BaseClass" name="@AfterTest tearDown" time="0.0">
    <ignored/>
  </testcase> <!-- @AfterTest tearDown -->
  <testcase classname="TestBase.BaseClass" name="@BeforeTest setUpEnvi" time="0.0">
    <ignored/>
  </testcase> <!-- @BeforeTest setUpEnvi -->
  <testcase classname="TestBase.BaseClass" name="@AfterTest tearDown" time="0.0">
    <ignored/>
  </testcase> <!-- @AfterTest tearDown -->
  <testcase classname="TestBase.BaseClass" name="@AfterTest tearDown" time="0.0">
    <ignored/>
  </testcase> <!-- @AfterTest tearDown -->
</testsuite> <!-- EdgeTest -->
