<?xml version="1.0" encoding="UTF-8"?>
<!-- Generated by org.testng.reporters.JUnitXMLReporter -->
<testsuite ignored="6" hostname="LTIN217850" failures="0" tests="3" name="Test" time="136.764" errors="0" timestamp="2024-02-19T13:57:42 IST">
  <testcase classname="TestCase.TC01_HomePage" name="homepage" time="6.452"/>
  <testcase classname="TestCase.TC02_UpcomingBikes" name="ManufacturerDrpDown" time="1.914"/>
  <testcase classname="TestCase.TC02_UpcomingBikes" name="bikeDetails" time="34.14"/>
  <testcase classname="TestBase.BaseClass" name="@BeforeTest setUpEnvi" time="0.0">
    <ignored/>
  </testcase> <!-- @BeforeTest setUpEnvi -->
  <testcase classname="TestBase.BaseClass" name="@AfterTest tearDown" time="0.0">
    <ignored/>
  </testcase> <!-- @AfterTest tearDown -->
  <testcase classname="TestBase.BaseClass" name="@AfterTest tearDown" time="0.0">
    <ignored/>
  </testcase> <!-- @AfterTest tearDown -->
  <testcase classname="TestBase.BaseClass" name="@BeforeTest setUpEnvi" time="0.0">
    <ignored/>
  </testcase> <!-- @BeforeTest setUpEnvi -->
  <testcase classname="TestBase.BaseClass" name="@BeforeTest setUpEnvi" time="0.0">
    <ignored/>
  </testcase> <!-- @BeforeTest setUpEnvi -->
  <testcase classname="TestBase.BaseClass" name="@AfterTest tearDown" time="0.0">
    <ignored/>
  </testcase> <!-- @AfterTest tearDown -->
</testsuite> <!-- Test -->
